<?xml version="1.0" encoding="UTF-8"?>
<testng-results skipped="0" failed="0" ignored="0" total="1" passed="1">
  <reporter-output>
  </reporter-output>
  <suite name="Default suite" duration-ms="19757" started-at="2018-07-27T05:54:39Z" finished-at="2018-07-27T05:54:59Z">
    <groups>
    </groups>
    <test name="Default test" duration-ms="19757" started-at="2018-07-27T05:54:39Z" finished-at="2018-07-27T05:54:59Z">
      <class name="SeleniumPlus.NewTest7">
        <test-method status="PASS" signature="testLogin()[pri:0, instance:SeleniumPlus.NewTest7@29774679]" name="testLogin" duration-ms="19717" started-at="2018-07-27T05:54:39Z" finished-at="2018-07-27T05:54:59Z">
          <reporter-output>
          </reporter-output>
        </test-method> <!-- testLogin -->
      </class> <!-- SeleniumPlus.NewTest7 -->
    </test> <!-- Default test -->
  </suite> <!-- Default suite -->
</testng-results>
